<?xml version="1.0" encoding="UTF-8"?>
<testsuite xmlns:xsi="http://www.w3.org/2001/XMLSchema-instance" xsi:noNamespaceSchemaLocation="https://maven.apache.org/surefire/maven-surefire-plugin/xsd/surefire-test-report.xsd" name="com.example.springdemo.service.UserServiceTest" time="1.56" tests="1" errors="1" skipped="0" failures="0">
  <properties>
    <property name="socksProxyHost" value="127.0.0.1"/>
    <property name="http.proxyHost" value="127.0.0.1"/>
    <property name="java.specification.version" value="17"/>
    <property name="sun.jnu.encoding" value="UTF-8"/>
    <property name="java.class.path" value="/Users/qyy/Documents/Project/SpringDemo/target/test-classes:/Users/qyy/Documents/Project/SpringDemo/target/classes:/Users/qyy/.m2/repository/org/springframework/boot/spring-boot-starter/2.7.2/spring-boot-starter-2.7.2.jar:/Users/qyy/.m2/repository/org/springframework/boot/spring-boot/2.7.2/spring-boot-2.7.2.jar:/Users/qyy/.m2/repository/org/springframework/spring-context/5.3.22/spring-context-5.3.22.jar:/Users/qyy/.m2/repository/org/springframework/boot/spring-boot-autoconfigure/2.7.2/spring-boot-autoconfigure-2.7.2.jar:/Users/qyy/.m2/repository/jakarta/annotation/jakarta.annotation-api/1.3.5/jakarta.annotation-api-1.3.5.jar:/Users/qyy/.m2/repository/org/springframework/spring-core/5.3.22/spring-core-5.3.22.jar:/Users/qyy/.m2/repository/org/springframework/spring-jcl/5.3.22/spring-jcl-5.3.22.jar:/Users/qyy/.m2/repository/org/yaml/snakeyaml/1.30/snakeyaml-1.30.jar:/Users/qyy/.m2/repository/org/springframework/boot/spring-boot-starter-web/2.7.2/spring-boot-starter-web-2.7.2.jar:/Users/qyy/.m2/repository/org/springframework/boot/spring-boot-starter-json/2.7.2/spring-boot-starter-json-2.7.2.jar:/Users/qyy/.m2/repository/com/fasterxml/jackson/datatype/jackson-datatype-jdk8/2.13.3/jackson-datatype-jdk8-2.13.3.jar:/Users/qyy/.m2/repository/com/fasterxml/jackson/datatype/jackson-datatype-jsr310/2.13.3/jackson-datatype-jsr310-2.13.3.jar:/Users/qyy/.m2/repository/com/fasterxml/jackson/module/jackson-module-parameter-names/2.13.3/jackson-module-parameter-names-2.13.3.jar:/Users/qyy/.m2/repository/org/springframework/boot/spring-boot-starter-tomcat/2.7.2/spring-boot-starter-tomcat-2.7.2.jar:/Users/qyy/.m2/repository/org/apache/tomcat/embed/tomcat-embed-core/9.0.65/tomcat-embed-core-9.0.65.jar:/Users/qyy/.m2/repository/org/apache/tomcat/embed/tomcat-embed-el/9.0.65/tomcat-embed-el-9.0.65.jar:/Users/qyy/.m2/repository/org/apache/tomcat/embed/tomcat-embed-websocket/9.0.65/tomcat-embed-websocket-9.0.65.jar:/Users/qyy/.m2/repository/org/springframework/spring-web/5.3.22/spring-web-5.3.22.jar:/Users/qyy/.m2/repository/org/springframework/spring-beans/5.3.22/spring-beans-5.3.22.jar:/Users/qyy/.m2/repository/org/springframework/spring-webmvc/5.3.22/spring-webmvc-5.3.22.jar:/Users/qyy/.m2/repository/org/springframework/spring-expression/5.3.22/spring-expression-5.3.22.jar:/Users/qyy/.m2/repository/org/springframework/boot/spring-boot-starter-test/2.7.2/spring-boot-starter-test-2.7.2.jar:/Users/qyy/.m2/repository/org/springframework/boot/spring-boot-test/2.7.2/spring-boot-test-2.7.2.jar:/Users/qyy/.m2/repository/org/springframework/boot/spring-boot-test-autoconfigure/2.7.2/spring-boot-test-autoconfigure-2.7.2.jar:/Users/qyy/.m2/repository/com/jayway/jsonpath/json-path/2.7.0/json-path-2.7.0.jar:/Users/qyy/.m2/repository/net/minidev/json-smart/2.4.8/json-smart-2.4.8.jar:/Users/qyy/.m2/repository/net/minidev/accessors-smart/2.4.8/accessors-smart-2.4.8.jar:/Users/qyy/.m2/repository/org/ow2/asm/asm/9.1/asm-9.1.jar:/Users/qyy/.m2/repository/org/slf4j/slf4j-api/1.7.36/slf4j-api-1.7.36.jar:/Users/qyy/.m2/repository/jakarta/xml/bind/jakarta.xml.bind-api/2.3.3/jakarta.xml.bind-api-2.3.3.jar:/Users/qyy/.m2/repository/jakarta/activation/jakarta.activation-api/1.2.2/jakarta.activation-api-1.2.2.jar:/Users/qyy/.m2/repository/org/assertj/assertj-core/3.22.0/assertj-core-3.22.0.jar:/Users/qyy/.m2/repository/org/hamcrest/hamcrest/2.2/hamcrest-2.2.jar:/Users/qyy/.m2/repository/org/junit/jupiter/junit-jupiter/5.8.2/junit-jupiter-5.8.2.jar:/Users/qyy/.m2/repository/org/junit/jupiter/junit-jupiter-api/5.8.2/junit-jupiter-api-5.8.2.jar:/Users/qyy/.m2/repository/org/opentest4j/opentest4j/1.2.0/opentest4j-1.2.0.jar:/Users/qyy/.m2/repository/org/junit/platform/junit-platform-commons/1.8.2/junit-platform-commons-1.8.2.jar:/Users/qyy/.m2/repository/org/apiguardian/apiguardian-api/1.1.2/apiguardian-api-1.1.2.jar:/Users/qyy/.m2/repository/org/junit/jupiter/junit-jupiter-params/5.8.2/junit-jupiter-params-5.8.2.jar:/Users/qyy/.m2/repository/org/junit/jupiter/junit-jupiter-engine/5.8.2/junit-jupiter-engine-5.8.2.jar:/Users/qyy/.m2/repository/org/junit/platform/junit-platform-engine/1.8.2/junit-platform-engine-1.8.2.jar:/Users/qyy/.m2/repository/org/mockito/mockito-core/4.5.1/mockito-core-4.5.1.jar:/Users/qyy/.m2/repository/net/bytebuddy/byte-buddy/1.12.12/byte-buddy-1.12.12.jar:/Users/qyy/.m2/repository/net/bytebuddy/byte-buddy-agent/1.12.12/byte-buddy-agent-1.12.12.jar:/Users/qyy/.m2/repository/org/objenesis/objenesis/3.2/objenesis-3.2.jar:/Users/qyy/.m2/repository/org/mockito/mockito-junit-jupiter/4.5.1/mockito-junit-jupiter-4.5.1.jar:/Users/qyy/.m2/repository/org/skyscreamer/jsonassert/1.5.1/jsonassert-1.5.1.jar:/Users/qyy/.m2/repository/com/vaadin/external/google/android-json/0.0.20131108.vaadin1/android-json-0.0.20131108.vaadin1.jar:/Users/qyy/.m2/repository/org/springframework/spring-test/5.3.22/spring-test-5.3.22.jar:/Users/qyy/.m2/repository/org/xmlunit/xmlunit-core/2.9.0/xmlunit-core-2.9.0.jar:/Users/qyy/.m2/repository/org/springframework/boot/spring-boot-starter-aop/2.7.2/spring-boot-starter-aop-2.7.2.jar:/Users/qyy/.m2/repository/org/springframework/spring-aop/5.3.22/spring-aop-5.3.22.jar:/Users/qyy/.m2/repository/org/aspectj/aspectjweaver/1.9.7/aspectjweaver-1.9.7.jar:/Users/qyy/.m2/repository/org/springframework/boot/spring-boot-starter-log4j2/2.7.2/spring-boot-starter-log4j2-2.7.2.jar:/Users/qyy/.m2/repository/org/apache/logging/log4j/log4j-slf4j-impl/2.17.2/log4j-slf4j-impl-2.17.2.jar:/Users/qyy/.m2/repository/org/apache/logging/log4j/log4j-api/2.17.2/log4j-api-2.17.2.jar:/Users/qyy/.m2/repository/org/apache/logging/log4j/log4j-core/2.17.2/log4j-core-2.17.2.jar:/Users/qyy/.m2/repository/org/apache/logging/log4j/log4j-jul/2.17.2/log4j-jul-2.17.2.jar:/Users/qyy/.m2/repository/org/slf4j/jul-to-slf4j/1.7.36/jul-to-slf4j-1.7.36.jar:/Users/qyy/.m2/repository/com/fasterxml/jackson/dataformat/jackson-dataformat-yaml/2.13.3/jackson-dataformat-yaml-2.13.3.jar:/Users/qyy/.m2/repository/com/fasterxml/jackson/core/jackson-databind/2.13.3/jackson-databind-2.13.3.jar:/Users/qyy/.m2/repository/com/fasterxml/jackson/core/jackson-annotations/2.13.3/jackson-annotations-2.13.3.jar:/Users/qyy/.m2/repository/com/fasterxml/jackson/core/jackson-core/2.13.3/jackson-core-2.13.3.jar:/Users/qyy/.m2/repository/org/springframework/boot/spring-boot-devtools/2.7.2/spring-boot-devtools-2.7.2.jar:/Users/qyy/.m2/repository/com/github/xiaoymin/knife4j-spring-boot-starter/3.0.3/knife4j-spring-boot-starter-3.0.3.jar:/Users/qyy/.m2/repository/com/github/xiaoymin/knife4j-spring-boot-autoconfigure/3.0.3/knife4j-spring-boot-autoconfigure-3.0.3.jar:/Users/qyy/.m2/repository/com/github/xiaoymin/knife4j-spring/3.0.3/knife4j-spring-3.0.3.jar:/Users/qyy/.m2/repository/com/github/xiaoymin/knife4j-annotations/3.0.3/knife4j-annotations-3.0.3.jar:/Users/qyy/.m2/repository/io/swagger/swagger-annotations/1.5.22/swagger-annotations-1.5.22.jar:/Users/qyy/.m2/repository/io/swagger/core/v3/swagger-annotations/2.1.2/swagger-annotations-2.1.2.jar:/Users/qyy/.m2/repository/com/github/xiaoymin/knife4j-core/3.0.3/knife4j-core-3.0.3.jar:/Users/qyy/.m2/repository/org/javassist/javassist/3.25.0-GA/javassist-3.25.0-GA.jar:/Users/qyy/.m2/repository/io/springfox/springfox-swagger2/3.0.0/springfox-swagger2-3.0.0.jar:/Users/qyy/.m2/repository/io/springfox/springfox-spi/3.0.0/springfox-spi-3.0.0.jar:/Users/qyy/.m2/repository/io/springfox/springfox-schema/3.0.0/springfox-schema-3.0.0.jar:/Users/qyy/.m2/repository/io/springfox/springfox-swagger-common/3.0.0/springfox-swagger-common-3.0.0.jar:/Users/qyy/.m2/repository/io/springfox/springfox-spring-web/3.0.0/springfox-spring-web-3.0.0.jar:/Users/qyy/.m2/repository/io/github/classgraph/classgraph/4.8.83/classgraph-4.8.83.jar:/Users/qyy/.m2/repository/io/springfox/springfox-spring-webflux/3.0.0/springfox-spring-webflux-3.0.0.jar:/Users/qyy/.m2/repository/org/mapstruct/mapstruct/1.3.1.Final/mapstruct-1.3.1.Final.jar:/Users/qyy/.m2/repository/io/springfox/springfox-spring-webmvc/3.0.0/springfox-spring-webmvc-3.0.0.jar:/Users/qyy/.m2/repository/io/springfox/springfox-core/3.0.0/springfox-core-3.0.0.jar:/Users/qyy/.m2/repository/io/springfox/springfox-oas/3.0.0/springfox-oas-3.0.0.jar:/Users/qyy/.m2/repository/io/swagger/core/v3/swagger-models/2.1.2/swagger-models-2.1.2.jar:/Users/qyy/.m2/repository/io/springfox/springfox-bean-validators/3.0.0/springfox-bean-validators-3.0.0.jar:/Users/qyy/.m2/repository/io/swagger/swagger-models/1.5.22/swagger-models-1.5.22.jar:/Users/qyy/.m2/repository/io/swagger/swagger-core/1.5.22/swagger-core-1.5.22.jar:/Users/qyy/.m2/repository/org/apache/commons/commons-lang3/3.12.0/commons-lang3-3.12.0.jar:/Users/qyy/.m2/repository/com/google/guava/guava/27.0.1-android/guava-27.0.1-android.jar:/Users/qyy/.m2/repository/com/google/guava/failureaccess/1.0.1/failureaccess-1.0.1.jar:/Users/qyy/.m2/repository/com/google/guava/listenablefuture/9999.0-empty-to-avoid-conflict-with-guava/listenablefuture-9999.0-empty-to-avoid-conflict-with-guava.jar:/Users/qyy/.m2/repository/com/google/code/findbugs/jsr305/3.0.2/jsr305-3.0.2.jar:/Users/qyy/.m2/repository/org/checkerframework/checker-compat-qual/2.5.2/checker-compat-qual-2.5.2.jar:/Users/qyy/.m2/repository/com/google/errorprone/error_prone_annotations/2.2.0/error_prone_annotations-2.2.0.jar:/Users/qyy/.m2/repository/com/google/j2objc/j2objc-annotations/1.1/j2objc-annotations-1.1.jar:/Users/qyy/.m2/repository/org/codehaus/mojo/animal-sniffer-annotations/1.17/animal-sniffer-annotations-1.17.jar:/Users/qyy/.m2/repository/javax/validation/validation-api/2.0.1.Final/validation-api-2.0.1.Final.jar:/Users/qyy/.m2/repository/io/springfox/springfox-boot-starter/3.0.0/springfox-boot-starter-3.0.0.jar:/Users/qyy/.m2/repository/io/springfox/springfox-data-rest/3.0.0/springfox-data-rest-3.0.0.jar:/Users/qyy/.m2/repository/com/fasterxml/classmate/1.5.1/classmate-1.5.1.jar:/Users/qyy/.m2/repository/org/springframework/plugin/spring-plugin-core/2.0.0.RELEASE/spring-plugin-core-2.0.0.RELEASE.jar:/Users/qyy/.m2/repository/org/springframework/plugin/spring-plugin-metadata/2.0.0.RELEASE/spring-plugin-metadata-2.0.0.RELEASE.jar:/Users/qyy/.m2/repository/com/github/xiaoymin/knife4j-spring-ui/3.0.3/knife4j-spring-ui-3.0.3.jar:/Users/qyy/.m2/repository/org/projectlombok/lombok/1.18.24/lombok-1.18.24.jar:"/>
    <property name="https.proxyPort" value="7890"/>
    <property name="java.vm.vendor" value="Oracle Corporation"/>
    <property name="sun.arch.data.model" value="64"/>
    <property name="java.vendor.url" value="https://java.oracle.com/"/>
    <property name="os.name" value="Mac OS X"/>
    <property name="java.vm.specification.version" value="17"/>
    <property name="sun.java.launcher" value="SUN_STANDARD"/>
    <property name="user.country" value="CN"/>
    <property name="sun.boot.library.path" value="/Library/Java/JavaVirtualMachines/jdk-17.0.1.jdk/Contents/Home/lib"/>
    <property name="sun.java.command" value="/Users/qyy/Documents/Project/SpringDemo/target/surefire/surefirebooter6306440311464650732.jar /Users/qyy/Documents/Project/SpringDemo/target/surefire 2022-08-27T13-11-30_087-jvmRun1 surefire10359834215356961073tmp surefire_016446793718358461636tmp"/>
    <property name="http.nonProxyHosts" value="192.168.0.0/16|*.192.168.0.0/16|10.0.0.0/8|*.10.0.0.0/8|172.16.0.0/12|*.172.16.0.0/12|127.0.0.1|localhost|*.localhost|local|*.local|timestamp.apple.com|*.timestamp.apple.com"/>
    <property name="jdk.debug" value="release"/>
    <property name="surefire.test.class.path" value="/Users/qyy/Documents/Project/SpringDemo/target/test-classes:/Users/qyy/Documents/Project/SpringDemo/target/classes:/Users/qyy/.m2/repository/org/springframework/boot/spring-boot-starter/2.7.2/spring-boot-starter-2.7.2.jar:/Users/qyy/.m2/repository/org/springframework/boot/spring-boot/2.7.2/spring-boot-2.7.2.jar:/Users/qyy/.m2/repository/org/springframework/spring-context/5.3.22/spring-context-5.3.22.jar:/Users/qyy/.m2/repository/org/springframework/boot/spring-boot-autoconfigure/2.7.2/spring-boot-autoconfigure-2.7.2.jar:/Users/qyy/.m2/repository/jakarta/annotation/jakarta.annotation-api/1.3.5/jakarta.annotation-api-1.3.5.jar:/Users/qyy/.m2/repository/org/springframework/spring-core/5.3.22/spring-core-5.3.22.jar:/Users/qyy/.m2/repository/org/springframework/spring-jcl/5.3.22/spring-jcl-5.3.22.jar:/Users/qyy/.m2/repository/org/yaml/snakeyaml/1.30/snakeyaml-1.30.jar:/Users/qyy/.m2/repository/org/springframework/boot/spring-boot-starter-web/2.7.2/spring-boot-starter-web-2.7.2.jar:/Users/qyy/.m2/repository/org/springframework/boot/spring-boot-starter-json/2.7.2/spring-boot-starter-json-2.7.2.jar:/Users/qyy/.m2/repository/com/fasterxml/jackson/datatype/jackson-datatype-jdk8/2.13.3/jackson-datatype-jdk8-2.13.3.jar:/Users/qyy/.m2/repository/com/fasterxml/jackson/datatype/jackson-datatype-jsr310/2.13.3/jackson-datatype-jsr310-2.13.3.jar:/Users/qyy/.m2/repository/com/fasterxml/jackson/module/jackson-module-parameter-names/2.13.3/jackson-module-parameter-names-2.13.3.jar:/Users/qyy/.m2/repository/org/springframework/boot/spring-boot-starter-tomcat/2.7.2/spring-boot-starter-tomcat-2.7.2.jar:/Users/qyy/.m2/repository/org/apache/tomcat/embed/tomcat-embed-core/9.0.65/tomcat-embed-core-9.0.65.jar:/Users/qyy/.m2/repository/org/apache/tomcat/embed/tomcat-embed-el/9.0.65/tomcat-embed-el-9.0.65.jar:/Users/qyy/.m2/repository/org/apache/tomcat/embed/tomcat-embed-websocket/9.0.65/tomcat-embed-websocket-9.0.65.jar:/Users/qyy/.m2/repository/org/springframework/spring-web/5.3.22/spring-web-5.3.22.jar:/Users/qyy/.m2/repository/org/springframework/spring-beans/5.3.22/spring-beans-5.3.22.jar:/Users/qyy/.m2/repository/org/springframework/spring-webmvc/5.3.22/spring-webmvc-5.3.22.jar:/Users/qyy/.m2/repository/org/springframework/spring-expression/5.3.22/spring-expression-5.3.22.jar:/Users/qyy/.m2/repository/org/springframework/boot/spring-boot-starter-test/2.7.2/spring-boot-starter-test-2.7.2.jar:/Users/qyy/.m2/repository/org/springframework/boot/spring-boot-test/2.7.2/spring-boot-test-2.7.2.jar:/Users/qyy/.m2/repository/org/springframework/boot/spring-boot-test-autoconfigure/2.7.2/spring-boot-test-autoconfigure-2.7.2.jar:/Users/qyy/.m2/repository/com/jayway/jsonpath/json-path/2.7.0/json-path-2.7.0.jar:/Users/qyy/.m2/repository/net/minidev/json-smart/2.4.8/json-smart-2.4.8.jar:/Users/qyy/.m2/repository/net/minidev/accessors-smart/2.4.8/accessors-smart-2.4.8.jar:/Users/qyy/.m2/repository/org/ow2/asm/asm/9.1/asm-9.1.jar:/Users/qyy/.m2/repository/org/slf4j/slf4j-api/1.7.36/slf4j-api-1.7.36.jar:/Users/qyy/.m2/repository/jakarta/xml/bind/jakarta.xml.bind-api/2.3.3/jakarta.xml.bind-api-2.3.3.jar:/Users/qyy/.m2/repository/jakarta/activation/jakarta.activation-api/1.2.2/jakarta.activation-api-1.2.2.jar:/Users/qyy/.m2/repository/org/assertj/assertj-core/3.22.0/assertj-core-3.22.0.jar:/Users/qyy/.m2/repository/org/hamcrest/hamcrest/2.2/hamcrest-2.2.jar:/Users/qyy/.m2/repository/org/junit/jupiter/junit-jupiter/5.8.2/junit-jupiter-5.8.2.jar:/Users/qyy/.m2/repository/org/junit/jupiter/junit-jupiter-api/5.8.2/junit-jupiter-api-5.8.2.jar:/Users/qyy/.m2/repository/org/opentest4j/opentest4j/1.2.0/opentest4j-1.2.0.jar:/Users/qyy/.m2/repository/org/junit/platform/junit-platform-commons/1.8.2/junit-platform-commons-1.8.2.jar:/Users/qyy/.m2/repository/org/apiguardian/apiguardian-api/1.1.2/apiguardian-api-1.1.2.jar:/Users/qyy/.m2/repository/org/junit/jupiter/junit-jupiter-params/5.8.2/junit-jupiter-params-5.8.2.jar:/Users/qyy/.m2/repository/org/junit/jupiter/junit-jupiter-engine/5.8.2/junit-jupiter-engine-5.8.2.jar:/Users/qyy/.m2/repository/org/junit/platform/junit-platform-engine/1.8.2/junit-platform-engine-1.8.2.jar:/Users/qyy/.m2/repository/org/mockito/mockito-core/4.5.1/mockito-core-4.5.1.jar:/Users/qyy/.m2/repository/net/bytebuddy/byte-buddy/1.12.12/byte-buddy-1.12.12.jar:/Users/qyy/.m2/repository/net/bytebuddy/byte-buddy-agent/1.12.12/byte-buddy-agent-1.12.12.jar:/Users/qyy/.m2/repository/org/objenesis/objenesis/3.2/objenesis-3.2.jar:/Users/qyy/.m2/repository/org/mockito/mockito-junit-jupiter/4.5.1/mockito-junit-jupiter-4.5.1.jar:/Users/qyy/.m2/repository/org/skyscreamer/jsonassert/1.5.1/jsonassert-1.5.1.jar:/Users/qyy/.m2/repository/com/vaadin/external/google/android-json/0.0.20131108.vaadin1/android-json-0.0.20131108.vaadin1.jar:/Users/qyy/.m2/repository/org/springframework/spring-test/5.3.22/spring-test-5.3.22.jar:/Users/qyy/.m2/repository/org/xmlunit/xmlunit-core/2.9.0/xmlunit-core-2.9.0.jar:/Users/qyy/.m2/repository/org/springframework/boot/spring-boot-starter-aop/2.7.2/spring-boot-starter-aop-2.7.2.jar:/Users/qyy/.m2/repository/org/springframework/spring-aop/5.3.22/spring-aop-5.3.22.jar:/Users/qyy/.m2/repository/org/aspectj/aspectjweaver/1.9.7/aspectjweaver-1.9.7.jar:/Users/qyy/.m2/repository/org/springframework/boot/spring-boot-starter-log4j2/2.7.2/spring-boot-starter-log4j2-2.7.2.jar:/Users/qyy/.m2/repository/org/apache/logging/log4j/log4j-slf4j-impl/2.17.2/log4j-slf4j-impl-2.17.2.jar:/Users/qyy/.m2/repository/org/apache/logging/log4j/log4j-api/2.17.2/log4j-api-2.17.2.jar:/Users/qyy/.m2/repository/org/apache/logging/log4j/log4j-core/2.17.2/log4j-core-2.17.2.jar:/Users/qyy/.m2/repository/org/apache/logging/log4j/log4j-jul/2.17.2/log4j-jul-2.17.2.jar:/Users/qyy/.m2/repository/org/slf4j/jul-to-slf4j/1.7.36/jul-to-slf4j-1.7.36.jar:/Users/qyy/.m2/repository/com/fasterxml/jackson/dataformat/jackson-dataformat-yaml/2.13.3/jackson-dataformat-yaml-2.13.3.jar:/Users/qyy/.m2/repository/com/fasterxml/jackson/core/jackson-databind/2.13.3/jackson-databind-2.13.3.jar:/Users/qyy/.m2/repository/com/fasterxml/jackson/core/jackson-annotations/2.13.3/jackson-annotations-2.13.3.jar:/Users/qyy/.m2/repository/com/fasterxml/jackson/core/jackson-core/2.13.3/jackson-core-2.13.3.jar:/Users/qyy/.m2/repository/org/springframework/boot/spring-boot-devtools/2.7.2/spring-boot-devtools-2.7.2.jar:/Users/qyy/.m2/repository/com/github/xiaoymin/knife4j-spring-boot-starter/3.0.3/knife4j-spring-boot-starter-3.0.3.jar:/Users/qyy/.m2/repository/com/github/xiaoymin/knife4j-spring-boot-autoconfigure/3.0.3/knife4j-spring-boot-autoconfigure-3.0.3.jar:/Users/qyy/.m2/repository/com/github/xiaoymin/knife4j-spring/3.0.3/knife4j-spring-3.0.3.jar:/Users/qyy/.m2/repository/com/github/xiaoymin/knife4j-annotations/3.0.3/knife4j-annotations-3.0.3.jar:/Users/qyy/.m2/repository/io/swagger/swagger-annotations/1.5.22/swagger-annotations-1.5.22.jar:/Users/qyy/.m2/repository/io/swagger/core/v3/swagger-annotations/2.1.2/swagger-annotations-2.1.2.jar:/Users/qyy/.m2/repository/com/github/xiaoymin/knife4j-core/3.0.3/knife4j-core-3.0.3.jar:/Users/qyy/.m2/repository/org/javassist/javassist/3.25.0-GA/javassist-3.25.0-GA.jar:/Users/qyy/.m2/repository/io/springfox/springfox-swagger2/3.0.0/springfox-swagger2-3.0.0.jar:/Users/qyy/.m2/repository/io/springfox/springfox-spi/3.0.0/springfox-spi-3.0.0.jar:/Users/qyy/.m2/repository/io/springfox/springfox-schema/3.0.0/springfox-schema-3.0.0.jar:/Users/qyy/.m2/repository/io/springfox/springfox-swagger-common/3.0.0/springfox-swagger-common-3.0.0.jar:/Users/qyy/.m2/repository/io/springfox/springfox-spring-web/3.0.0/springfox-spring-web-3.0.0.jar:/Users/qyy/.m2/repository/io/github/classgraph/classgraph/4.8.83/classgraph-4.8.83.jar:/Users/qyy/.m2/repository/io/springfox/springfox-spring-webflux/3.0.0/springfox-spring-webflux-3.0.0.jar:/Users/qyy/.m2/repository/org/mapstruct/mapstruct/1.3.1.Final/mapstruct-1.3.1.Final.jar:/Users/qyy/.m2/repository/io/springfox/springfox-spring-webmvc/3.0.0/springfox-spring-webmvc-3.0.0.jar:/Users/qyy/.m2/repository/io/springfox/springfox-core/3.0.0/springfox-core-3.0.0.jar:/Users/qyy/.m2/repository/io/springfox/springfox-oas/3.0.0/springfox-oas-3.0.0.jar:/Users/qyy/.m2/repository/io/swagger/core/v3/swagger-models/2.1.2/swagger-models-2.1.2.jar:/Users/qyy/.m2/repository/io/springfox/springfox-bean-validators/3.0.0/springfox-bean-validators-3.0.0.jar:/Users/qyy/.m2/repository/io/swagger/swagger-models/1.5.22/swagger-models-1.5.22.jar:/Users/qyy/.m2/repository/io/swagger/swagger-core/1.5.22/swagger-core-1.5.22.jar:/Users/qyy/.m2/repository/org/apache/commons/commons-lang3/3.12.0/commons-lang3-3.12.0.jar:/Users/qyy/.m2/repository/com/google/guava/guava/27.0.1-android/guava-27.0.1-android.jar:/Users/qyy/.m2/repository/com/google/guava/failureaccess/1.0.1/failureaccess-1.0.1.jar:/Users/qyy/.m2/repository/com/google/guava/listenablefuture/9999.0-empty-to-avoid-conflict-with-guava/listenablefuture-9999.0-empty-to-avoid-conflict-with-guava.jar:/Users/qyy/.m2/repository/com/google/code/findbugs/jsr305/3.0.2/jsr305-3.0.2.jar:/Users/qyy/.m2/repository/org/checkerframework/checker-compat-qual/2.5.2/checker-compat-qual-2.5.2.jar:/Users/qyy/.m2/repository/com/google/errorprone/error_prone_annotations/2.2.0/error_prone_annotations-2.2.0.jar:/Users/qyy/.m2/repository/com/google/j2objc/j2objc-annotations/1.1/j2objc-annotations-1.1.jar:/Users/qyy/.m2/repository/org/codehaus/mojo/animal-sniffer-annotations/1.17/animal-sniffer-annotations-1.17.jar:/Users/qyy/.m2/repository/javax/validation/validation-api/2.0.1.Final/validation-api-2.0.1.Final.jar:/Users/qyy/.m2/repository/io/springfox/springfox-boot-starter/3.0.0/springfox-boot-starter-3.0.0.jar:/Users/qyy/.m2/repository/io/springfox/springfox-data-rest/3.0.0/springfox-data-rest-3.0.0.jar:/Users/qyy/.m2/repository/com/fasterxml/classmate/1.5.1/classmate-1.5.1.jar:/Users/qyy/.m2/repository/org/springframework/plugin/spring-plugin-core/2.0.0.RELEASE/spring-plugin-core-2.0.0.RELEASE.jar:/Users/qyy/.m2/repository/org/springframework/plugin/spring-plugin-metadata/2.0.0.RELEASE/spring-plugin-metadata-2.0.0.RELEASE.jar:/Users/qyy/.m2/repository/com/github/xiaoymin/knife4j-spring-ui/3.0.3/knife4j-spring-ui-3.0.3.jar:/Users/qyy/.m2/repository/org/projectlombok/lombok/1.18.24/lombok-1.18.24.jar:"/>
    <property name="sun.cpu.endian" value="little"/>
    <property name="user.home" value="/Users/qyy"/>
    <property name="user.language" value="zh"/>
    <property name="java.specification.vendor" value="Oracle Corporation"/>
    <property name="java.version.date" value="2021-10-19"/>
    <property name="java.home" value="/Library/Java/JavaVirtualMachines/jdk-17.0.1.jdk/Contents/Home"/>
    <property name="file.separator" value="/"/>
    <property name="https.proxyHost" value="127.0.0.1"/>
    <property name="basedir" value="/Users/qyy/Documents/Project/SpringDemo"/>
    <property name="java.vm.compressedOopsMode" value="Zero based"/>
    <property name="line.separator" value="&#10;"/>
    <property name="java.vm.specification.vendor" value="Oracle Corporation"/>
    <property name="java.specification.name" value="Java Platform API Specification"/>
    <property name="surefire.real.class.path" value="/Users/qyy/Documents/Project/SpringDemo/target/surefire/surefirebooter6306440311464650732.jar"/>
    <property name="user.script" value="Hans"/>
    <property name="sun.management.compiler" value="HotSpot 64-Bit Tiered Compilers"/>
    <property name="ftp.nonProxyHosts" value="192.168.0.0/16|*.192.168.0.0/16|10.0.0.0/8|*.10.0.0.0/8|172.16.0.0/12|*.172.16.0.0/12|127.0.0.1|localhost|*.localhost|local|*.local|timestamp.apple.com|*.timestamp.apple.com"/>
    <property name="java.runtime.version" value="17.0.1+12-39"/>
    <property name="user.name" value="qyy"/>
    <property name="path.separator" value=":"/>
    <property name="os.version" value="12.5.1"/>
    <property name="java.runtime.name" value="OpenJDK Runtime Environment"/>
    <property name="file.encoding" value="UTF-8"/>
    <property name="java.vm.name" value="OpenJDK 64-Bit Server VM"/>
    <property name="localRepository" value="/Users/qyy/.m2/repository"/>
    <property name="java.vendor.url.bug" value="https://bugreport.java.com/bugreport/"/>
    <property name="java.io.tmpdir" value="/var/folders/wq/27ftxxps0k92bhcl67qf2nwr0000gn/T/"/>
    <property name="idea.version" value="2022.1.1"/>
    <property name="java.version" value="17.0.1"/>
    <property name="user.dir" value="/Users/qyy/Documents/Project/SpringDemo"/>
    <property name="os.arch" value="x86_64"/>
    <property name="socksProxyPort" value="7890"/>
    <property name="java.vm.specification.name" value="Java Virtual Machine Specification"/>
    <property name="native.encoding" value="UTF-8"/>
    <property name="java.library.path" value="/Users/qyy/Library/Java/Extensions:/Library/Java/Extensions:/Network/Library/Java/Extensions:/System/Library/Java/Extensions:/usr/lib/java:."/>
    <property name="java.vm.info" value="mixed mode, sharing"/>
    <property name="java.vendor" value="Oracle Corporation"/>
    <property name="java.vm.version" value="17.0.1+12-39"/>
    <property name="sun.io.unicode.encoding" value="UnicodeBig"/>
    <property name="socksNonProxyHosts" value="192.168.0.0/16|*.192.168.0.0/16|10.0.0.0/8|*.10.0.0.0/8|172.16.0.0/12|*.172.16.0.0/12|127.0.0.1|localhost|*.localhost|local|*.local|timestamp.apple.com|*.timestamp.apple.com"/>
    <property name="java.class.version" value="61.0"/>
    <property name="http.proxyPort" value="7890"/>
  </properties>
  <testcase name="test" classname="com.example.springdemo.service.UserServiceTest" time="0.023">
    <error message="Cannot invoke &quot;com.example.springdemo.pojo.dto.UserView.getName()&quot; because &quot;userView&quot; is null" type="java.lang.NullPointerException">java.lang.NullPointerException: Cannot invoke "com.example.springdemo.pojo.dto.UserView.getName()" because "userView" is null
	at com.example.springdemo.service.UserServiceTest.test(UserServiceTest.java:27)
</error>
    <system-out><![CDATA[&amp#27;[34m2022-08-27 13:11:35,655:INFO main (AbstractTestContextBootstrapper.java:305) - Neither @ContextConfiguration nor @ContextHierarchy found for test class [com.example.springdemo.service.UserServiceTest], using SpringBootContextLoader
&amp#27;[m&amp#27;[34m2022-08-27 13:11:35,657:INFO main (AbstractContextLoader.java:264) - Could not detect default resource locations for test class [com.example.springdemo.service.UserServiceTest]: no resource found for suffixes {-context.xml, Context.groovy}.
&amp#27;[m&amp#27;[34m2022-08-27 13:11:35,657:INFO main (AnnotationConfigContextLoaderUtils.java:83) - Could not detect default configuration classes for test class [com.example.springdemo.service.UserServiceTest]: UserServiceTest does not declare any static, non-private, non-final, nested classes annotated with @Configuration.
&amp#27;[m&amp#27;[34m2022-08-27 13:11:35,663:INFO main (SpringBootTestContextBootstrapper.java:238) - Found @SpringBootConfiguration com.example.springdemo.SpringDemoApplication for test class com.example.springdemo.service.UserServiceTest
&amp#27;[m&amp#27;[34m2022-08-27 13:11:35,665:INFO main (AbstractTestContextBootstrapper.java:245) - Loaded default TestExecutionListener class names from location [META-INF/spring.factories]: [org.springframework.boot.test.mock.mockito.MockitoTestExecutionListener, org.springframework.boot.test.mock.mockito.ResetMocksTestExecutionListener, org.springframework.boot.test.autoconfigure.restdocs.RestDocsTestExecutionListener, org.springframework.boot.test.autoconfigure.web.client.MockRestServiceServerResetTestExecutionListener, org.springframework.boot.test.autoconfigure.web.servlet.MockMvcPrintOnlyOnFailureTestExecutionListener, org.springframework.boot.test.autoconfigure.web.servlet.WebDriverTestExecutionListener, org.springframework.boot.test.autoconfigure.webservices.client.MockWebServiceServerTestExecutionListener, org.springframework.test.context.web.ServletTestExecutionListener, org.springframework.test.context.support.DirtiesContextBeforeModesTestExecutionListener, org.springframework.test.context.event.ApplicationEventsTestExecutionListener, org.springframework.test.context.support.DependencyInjectionTestExecutionListener, org.springframework.test.context.support.DirtiesContextTestExecutionListener, org.springframework.test.context.transaction.TransactionalTestExecutionListener, org.springframework.test.context.jdbc.SqlScriptsTestExecutionListener, org.springframework.test.context.event.EventPublishingTestExecutionListener]
&amp#27;[m&amp#27;[34m2022-08-27 13:11:35,666:INFO main (AbstractTestContextBootstrapper.java:174) - Using TestExecutionListeners: [org.springframework.test.context.web.ServletTestExecutionListener@6f7b8ae1, org.springframework.test.context.support.DirtiesContextBeforeModesTestExecutionListener@6c8d8b60, org.springframework.test.context.event.ApplicationEventsTestExecutionListener@4fa6fb7f, org.springframework.boot.test.mock.mockito.MockitoTestExecutionListener@2520010e, org.springframework.boot.test.autoconfigure.SpringBootDependencyInjectionTestExecutionListener@163fbbc9, org.springframework.test.context.support.DirtiesContextTestExecutionListener@1669f4e5, org.springframework.test.context.event.EventPublishingTestExecutionListener@6e6c8854, org.springframework.boot.test.mock.mockito.ResetMocksTestExecutionListener@4be1dce6, org.springframework.boot.test.autoconfigure.restdocs.RestDocsTestExecutionListener@206bd7a0, org.springframework.boot.test.autoconfigure.web.client.MockRestServiceServerResetTestExecutionListener@79fcd194, org.springframework.boot.test.autoconfigure.web.servlet.MockMvcPrintOnlyOnFailureTestExecutionListener@73d8c8d7, org.springframework.boot.test.autoconfigure.web.servlet.WebDriverTestExecutionListener@361b3ca6, org.springframework.boot.test.autoconfigure.webservices.client.MockWebServiceServerTestExecutionListener@48333b12]
&amp#27;[m ___________    ____  _______ .______     ____    ____ .___________. __    __   __  .__   __.   _______    .__   __.  __    __   __       __
|   ____\   \  /   / |   ____||   _  \    \   \  /   / |           ||  |  |  | |  | |  \ |  |  /  _____|   |  \ |  | |  |  |  | |  |     |  |
|  |__   \   \/   /  |  |__   |  |_)  |    \   \/   /  `---|  |----`|  |__|  | |  | |   \|  | |  |  __     |   \|  | |  |  |  | |  |     |  |
|   __|   \      /   |   __|  |      /      \_    _/       |  |     |   __   | |  | |  . `  | |  | |_ |    |  . `  | |  |  |  | |  |     |  |
|  |____   \    /    |  |____ |  |\  \----.   |  |         |  |     |  |  |  | |  | |  |\   | |  |__| |    |  |\   | |  `--'  | |  `----.|  `----.
|_______|   \__/     |_______|| _| `._____|   |__|         |__|     |__|  |__| |__| |__| \__|  \______|    |__| \__|  \______/  |_______||_______|


&amp#27;[34m2022-08-27 13:11:35,701:INFO main (StartupInfoLogger.java:55) - Starting UserServiceTest using Java 17.0.1 on YiyudeMBP with PID 10945 (started by qyy in /Users/qyy/Documents/Project/SpringDemo)
&amp#27;[m&amp#27;[34m2022-08-27 13:11:35,702:INFO main (SpringApplication.java:634) - No active profile set, falling back to 1 default profile: "default"
&amp#27;[m&amp#27;[34m2022-08-27 13:11:36,225:INFO main (TomcatWebServer.java:108) - Tomcat initialized with port(s): 0 (http)
&amp#27;[m2022-08-27 13:11:36,237 main TRACE Log4jLoggerFactory.getContext() found anchor class java.util.logging.Logger
&amp#27;[34m2022-08-27 13:11:36,238:INFO main (DirectJDKLog.java:173) - Initializing ProtocolHandler ["http-nio-auto-1"]
&amp#27;[m2022-08-27 13:11:36,239 main TRACE Log4jLoggerFactory.getContext() found anchor class java.util.logging.Logger
&amp#27;[34m2022-08-27 13:11:36,239:INFO main (DirectJDKLog.java:173) - Starting service [Tomcat]
&amp#27;[m2022-08-27 13:11:36,240 main TRACE Log4jLoggerFactory.getContext() found anchor class java.util.logging.Logger
&amp#27;[34m2022-08-27 13:11:36,240:INFO main (DirectJDKLog.java:173) - Starting Servlet engine: [Apache Tomcat/9.0.65]
&amp#27;[m2022-08-27 13:11:36,352 main TRACE Log4jLoggerFactory.getContext() found anchor class java.util.logging.Logger
&amp#27;[34m2022-08-27 13:11:36,353:INFO main (DirectJDKLog.java:173) - Initializing Spring embedded WebApplicationContext
&amp#27;[m&amp#27;[34m2022-08-27 13:11:36,353:INFO main (ServletWebServerApplicationContext.java:292) - Root WebApplicationContext: initialization completed in 649 ms
&amp#27;[m2022-08-27 13:11:37,131 main TRACE Log4jLoggerFactory.getContext() found anchor class java.util.logging.Logger
&amp#27;[34m2022-08-27 13:11:37,131:INFO main (DirectJDKLog.java:173) - Starting ProtocolHandler ["http-nio-auto-1"]
&amp#27;[m&amp#27;[34m2022-08-27 13:11:37,155:INFO main (TomcatWebServer.java:220) - Tomcat started on port(s): 50510 (http) with context path ''
&amp#27;[m&amp#27;[34m2022-08-27 13:11:37,207:INFO main (StartupInfoLogger.java:61) - Started UserServiceTest in 1.538 seconds (JVM running for 6.785)
&amp#27;[mtrue
&amp#27;[34m2022-08-27 13:11:37,219:INFO main (LogAspect.java:31) - 用户请求开始
&amp#27;[m&amp#27;[34m2022-08-27 13:11:37,220:INFO main (LogAspect.java:33) - getUserView运行中
&amp#27;[m&amp#27;[34m2022-08-27 13:11:37,225:INFO main (LogAspect.java:38) - 用户请求结束
&amp#27;[m]]></system-out>
  </testcase>
</testsuite>